This is pdfTeX, Version 3.141592653-2.6-1.40.22 (MiKTeX 21.3) (preloaded format=pdflatex 2021.5.21)  21 NOV 2022 09:30
entering extended mode
**./SoCLecture5.tex
(SoCLecture5.tex
LaTeX2e <2020-10-01> patch level 4
L3 programming layer <2021-05-11>
(/Library/Application Support/MiKTeX/texmfs/install/tex/latex/base/article.cls
Document Class: article 2020/04/10 v1.4m Standard LaTeX document class
(/Library/Application Support/MiKTeX/texmfs/install/tex/latex/base/leqno.clo
File: leqno.clo 2016/12/29 v1.2b Standard LaTeX option (left equation numbers)
)
(/Library/Application Support/MiKTeX/texmfs/install/tex/latex/base/size12.clo
File: size12.clo 2020/04/10 v1.4m Standard LaTeX file (size option)
)
\c@part=\count179
\c@section=\count180
\c@subsection=\count181
\c@subsubsection=\count182
\c@paragraph=\count183
\c@subparagraph=\count184
\c@figure=\count185
\c@table=\count186
\abovecaptionskip=\skip47
\belowcaptionskip=\skip48
\bibindent=\dimen138
)
(/Users/wtroiani/Library/Application Support/MiKTeX/texmfs/install/tex/latex/am
scls/amsthm.sty
Package: amsthm 2020/05/29 v2.20.6
\thm@style=\toks15
\thm@bodyfont=\toks16
\thm@headfont=\toks17
\thm@notefont=\toks18
\thm@headpunct=\toks19
\thm@preskip=\skip49
\thm@postskip=\skip50
\thm@headsep=\skip51
\dth@everypar=\toks20
)
(/Library/Application Support/MiKTeX/texmfs/install/tex/latex/amsmath/amsmath.s
ty
Package: amsmath 2020/09/23 v2.17i AMS math features
\@mathmargin=\skip52

For additional information on amsmath, use the `?' option.

(/Library/Application Support/MiKTeX/texmfs/install/tex/latex/amsmath/amstext.s
ty
Package: amstext 2000/06/29 v2.01 AMS text

(/Library/Application Support/MiKTeX/texmfs/install/tex/latex/amsmath/amsgen.st
y
File: amsgen.sty 1999/11/30 v2.0 generic functions
\@emptytoks=\toks21
\ex@=\dimen139
))
(/Library/Application Support/MiKTeX/texmfs/install/tex/latex/amsmath/amsbsy.st
y
Package: amsbsy 1999/11/29 v1.2d Bold Symbols
\pmbraise@=\dimen140
)
(/Library/Application Support/MiKTeX/texmfs/install/tex/latex/amsmath/amsopn.st
y
Package: amsopn 2016/03/08 v2.02 operator names
)
\inf@bad=\count187
LaTeX Info: Redefining \frac on input line 234.
\uproot@=\count188
\leftroot@=\count189
LaTeX Info: Redefining \overline on input line 399.
\classnum@=\count190
\DOTSCASE@=\count191
LaTeX Info: Redefining \ldots on input line 496.
LaTeX Info: Redefining \dots on input line 499.
LaTeX Info: Redefining \cdots on input line 620.
\Mathstrutbox@=\box47
\strutbox@=\box48
\big@size=\dimen141
LaTeX Font Info:    Redeclaring font encoding OML on input line 743.
LaTeX Font Info:    Redeclaring font encoding OMS on input line 744.
\macc@depth=\count192
\c@MaxMatrixCols=\count193
\dotsspace@=\muskip16
\c@parentequation=\count194
\dspbrk@lvl=\count195
\tag@help=\toks22
\row@=\count196
\column@=\count197
\maxfields@=\count198
\andhelp@=\toks23
\eqnshift@=\dimen142
\alignsep@=\dimen143
\tagshift@=\dimen144
\tagwidth@=\dimen145
\totwidth@=\dimen146
\lineht@=\dimen147
\@envbody=\toks24
\multlinegap=\skip53
\multlinetaggap=\skip54
\mathdisplay@stack=\toks25
LaTeX Info: Redefining \[ on input line 2923.
LaTeX Info: Redefining \] on input line 2924.
)
(/Library/Application Support/MiKTeX/texmfs/install/tex/latex/amsfonts/amsfonts
.sty
Package: amsfonts 2013/01/14 v3.01 Basic AMSFonts support
\symAMSa=\mathgroup4
\symAMSb=\mathgroup5
LaTeX Font Info:    Redeclaring math symbol \hbar on input line 98.
LaTeX Font Info:    Overwriting math alphabet `\mathfrak' in version `bold'
(Font)                  U/euf/m/n --> U/euf/b/n on input line 106.
)
(/Users/wtroiani/Library/Application Support/MiKTeX/texmfs/install/tex/latex/jk
nappen/mathrsfs.sty
Package: mathrsfs 1996/01/01 Math RSFS package v1.0 (jk)
\symrsfs=\mathgroup6
)
(/Library/Application Support/MiKTeX/texmfs/install/tex/latex/amsfonts/amssymb.
sty
Package: amssymb 2013/01/14 v3.01 AMS font symbols
)
(/Users/wtroiani/Library/Application Support/MiKTeX/texmfs/install/tex/latex/un
its/units.sty
Package: units 1998/08/04 v0.9b Typesetting units

(/Library/Application Support/MiKTeX/texmfs/install/tex/latex/base/ifthen.sty
Package: ifthen 2014/09/29 v1.1c Standard LaTeX ifthen package (DPC)
)
(/Users/wtroiani/Library/Application Support/MiKTeX/texmfs/install/tex/latex/un
its/nicefrac.sty
Package: nicefrac 1998/08/04 v0.9b Nice fractions
\L@UnitsRaiseDisplaystyle=\skip55
\L@UnitsRaiseTextstyle=\skip56
\L@UnitsRaiseScriptstyle=\skip57
))
(/Library/Application Support/MiKTeX/texmfs/install/tex/latex/graphics/graphicx
.sty
Package: graphicx 2020/09/09 v1.2b Enhanced LaTeX Graphics (DPC,SPQR)

(/Library/Application Support/MiKTeX/texmfs/install/tex/latex/graphics/keyval.s
ty
Package: keyval 2014/10/28 v1.15 key=value parser (DPC)
\KV@toks@=\toks26
)
(/Library/Application Support/MiKTeX/texmfs/install/tex/latex/graphics/graphics
.sty
Package: graphics 2020/08/30 v1.4c Standard LaTeX Graphics (DPC,SPQR)

(/Library/Application Support/MiKTeX/texmfs/install/tex/latex/graphics/trig.sty
Package: trig 2016/01/03 v1.10 sin cos tan (DPC)
)
(/Library/Application Support/MiKTeX/texmfs/install/tex/latex/graphics-cfg/grap
hics.cfg
File: graphics.cfg 2016/06/04 v1.11 sample graphics configuration
)
Package graphics Info: Driver file: pdftex.def on input line 105.

(/Library/Application Support/MiKTeX/texmfs/install/tex/latex/graphics-def/pdft
ex.def
File: pdftex.def 2020/10/05 v1.2a Graphics/color driver for pdftex
))
\Gin@req@height=\dimen148
\Gin@req@width=\dimen149
)
(/Users/wtroiani/Library/Application Support/MiKTeX/texmfs/install/tex/latex/ti
kz-cd/tikz-cd.sty
Package: tikz-cd 2021/05/04 v1.0 Commutative diagrams with TikZ

(/Library/Application Support/MiKTeX/texmfs/install/tex/latex/pgf/frontendlayer
/tikz.sty
(/Library/Application Support/MiKTeX/texmfs/install/tex/latex/pgf/basiclayer/pg
f.sty
(/Library/Application Support/MiKTeX/texmfs/install/tex/latex/pgf/utilities/pgf
rcs.sty
(/Library/Application Support/MiKTeX/texmfs/install/tex/generic/pgf/utilities/p
gfutil-common.tex
\pgfutil@everybye=\toks27
\pgfutil@tempdima=\dimen150
\pgfutil@tempdimb=\dimen151

(/Library/Application Support/MiKTeX/texmfs/install/tex/generic/pgf/utilities/p
gfutil-common-lists.tex))
(/Library/Application Support/MiKTeX/texmfs/install/tex/generic/pgf/utilities/p
gfutil-latex.def
\pgfutil@abb=\box49
)
(/Library/Application Support/MiKTeX/texmfs/install/tex/generic/pgf/utilities/p
gfrcs.code.tex
(/Library/Application Support/MiKTeX/texmfs/install/tex/generic/pgf/pgf.revisio
n.tex)
Package: pgfrcs 2021/05/15 v3.1.9a (3.1.9a)
))
Package: pgf 2021/05/15 v3.1.9a (3.1.9a)

(/Library/Application Support/MiKTeX/texmfs/install/tex/latex/pgf/basiclayer/pg
fcore.sty
(/Library/Application Support/MiKTeX/texmfs/install/tex/latex/pgf/systemlayer/p
gfsys.sty
(/Library/Application Support/MiKTeX/texmfs/install/tex/generic/pgf/systemlayer
/pgfsys.code.tex
Package: pgfsys 2021/05/15 v3.1.9a (3.1.9a)

(/Library/Application Support/MiKTeX/texmfs/install/tex/generic/pgf/utilities/p
gfkeys.code.tex
\pgfkeys@pathtoks=\toks28
\pgfkeys@temptoks=\toks29

(/Library/Application Support/MiKTeX/texmfs/install/tex/generic/pgf/utilities/p
gfkeysfiltered.code.tex
\pgfkeys@tmptoks=\toks30
))
\pgf@x=\dimen152
\pgf@y=\dimen153
\pgf@xa=\dimen154
\pgf@ya=\dimen155
\pgf@xb=\dimen156
\pgf@yb=\dimen157
\pgf@xc=\dimen158
\pgf@yc=\dimen159
\pgf@xd=\dimen160
\pgf@yd=\dimen161
\w@pgf@writea=\write3
\r@pgf@reada=\read2
\c@pgf@counta=\count199
\c@pgf@countb=\count266
\c@pgf@countc=\count267
\c@pgf@countd=\count268
\t@pgf@toka=\toks31
\t@pgf@tokb=\toks32
\t@pgf@tokc=\toks33
\pgf@sys@id@count=\count269

(/Library/Application Support/MiKTeX/texmfs/install/tex/generic/pgf/systemlayer
/pgf.cfg
File: pgf.cfg 2021/05/15 v3.1.9a (3.1.9a)
)
Driver file for pgf: pgfsys-pdftex.def

(/Library/Application Support/MiKTeX/texmfs/install/tex/generic/pgf/systemlayer
/pgfsys-pdftex.def
File: pgfsys-pdftex.def 2021/05/15 v3.1.9a (3.1.9a)

(/Library/Application Support/MiKTeX/texmfs/install/tex/generic/pgf/systemlayer
/pgfsys-common-pdf.def
File: pgfsys-common-pdf.def 2021/05/15 v3.1.9a (3.1.9a)
)))
(/Library/Application Support/MiKTeX/texmfs/install/tex/generic/pgf/systemlayer
/pgfsyssoftpath.code.tex
File: pgfsyssoftpath.code.tex 2021/05/15 v3.1.9a (3.1.9a)
\pgfsyssoftpath@smallbuffer@items=\count270
\pgfsyssoftpath@bigbuffer@items=\count271
)
(/Library/Application Support/MiKTeX/texmfs/install/tex/generic/pgf/systemlayer
/pgfsysprotocol.code.tex
File: pgfsysprotocol.code.tex 2021/05/15 v3.1.9a (3.1.9a)
))
(/Library/Application Support/MiKTeX/texmfs/install/tex/latex/xcolor/xcolor.sty
Package: xcolor 2016/05/11 v2.12 LaTeX color extensions (UK)

(/Library/Application Support/MiKTeX/texmfs/install/tex/latex/graphics-cfg/colo
r.cfg
File: color.cfg 2016/01/02 v1.6 sample color configuration
)
Package xcolor Info: Driver file: pdftex.def on input line 225.
Package xcolor Info: Model `cmy' substituted by `cmy0' on input line 1348.
Package xcolor Info: Model `hsb' substituted by `rgb' on input line 1352.
Package xcolor Info: Model `RGB' extended on input line 1364.
Package xcolor Info: Model `HTML' substituted by `rgb' on input line 1366.
Package xcolor Info: Model `Hsb' substituted by `hsb' on input line 1367.
Package xcolor Info: Model `tHsb' substituted by `hsb' on input line 1368.
Package xcolor Info: Model `HSB' substituted by `hsb' on input line 1369.
Package xcolor Info: Model `Gray' substituted by `gray' on input line 1370.
Package xcolor Info: Model `wave' substituted by `hsb' on input line 1371.
)
(/Library/Application Support/MiKTeX/texmfs/install/tex/generic/pgf/basiclayer/
pgfcore.code.tex
Package: pgfcore 2021/05/15 v3.1.9a (3.1.9a)

(/Library/Application Support/MiKTeX/texmfs/install/tex/generic/pgf/math/pgfmat
h.code.tex
(/Library/Application Support/MiKTeX/texmfs/install/tex/generic/pgf/math/pgfmat
hcalc.code.tex
(/Library/Application Support/MiKTeX/texmfs/install/tex/generic/pgf/math/pgfmat
hutil.code.tex)
(/Library/Application Support/MiKTeX/texmfs/install/tex/generic/pgf/math/pgfmat
hparser.code.tex
\pgfmath@dimen=\dimen162
\pgfmath@count=\count272
\pgfmath@box=\box50
\pgfmath@toks=\toks34
\pgfmath@stack@operand=\toks35
\pgfmath@stack@operation=\toks36
)
(/Library/Application Support/MiKTeX/texmfs/install/tex/generic/pgf/math/pgfmat
hfunctions.code.tex
(/Library/Application Support/MiKTeX/texmfs/install/tex/generic/pgf/math/pgfmat
hfunctions.basic.code.tex)
(/Library/Application Support/MiKTeX/texmfs/install/tex/generic/pgf/math/pgfmat
hfunctions.trigonometric.code.tex)
(/Library/Application Support/MiKTeX/texmfs/install/tex/generic/pgf/math/pgfmat
hfunctions.random.code.tex)
(/Library/Application Support/MiKTeX/texmfs/install/tex/generic/pgf/math/pgfmat
hfunctions.comparison.code.tex)
(/Library/Application Support/MiKTeX/texmfs/install/tex/generic/pgf/math/pgfmat
hfunctions.base.code.tex)
(/Library/Application Support/MiKTeX/texmfs/install/tex/generic/pgf/math/pgfmat
hfunctions.round.code.tex)
(/Library/Application Support/MiKTeX/texmfs/install/tex/generic/pgf/math/pgfmat
hfunctions.misc.code.tex)
(/Library/Application Support/MiKTeX/texmfs/install/tex/generic/pgf/math/pgfmat
hfunctions.integerarithmetics.code.tex)))
(/Library/Application Support/MiKTeX/texmfs/install/tex/generic/pgf/math/pgfmat
hfloat.code.tex
\c@pgfmathroundto@lastzeros=\count273
))
(/Library/Application Support/MiKTeX/texmfs/install/tex/generic/pgf/math/pgfint
.code.tex)
(/Library/Application Support/MiKTeX/texmfs/install/tex/generic/pgf/basiclayer/
pgfcorepoints.code.tex
File: pgfcorepoints.code.tex 2021/05/15 v3.1.9a (3.1.9a)
\pgf@picminx=\dimen163
\pgf@picmaxx=\dimen164
\pgf@picminy=\dimen165
\pgf@picmaxy=\dimen166
\pgf@pathminx=\dimen167
\pgf@pathmaxx=\dimen168
\pgf@pathminy=\dimen169
\pgf@pathmaxy=\dimen170
\pgf@xx=\dimen171
\pgf@xy=\dimen172
\pgf@yx=\dimen173
\pgf@yy=\dimen174
\pgf@zx=\dimen175
\pgf@zy=\dimen176
)
(/Library/Application Support/MiKTeX/texmfs/install/tex/generic/pgf/basiclayer/
pgfcorepathconstruct.code.tex
File: pgfcorepathconstruct.code.tex 2021/05/15 v3.1.9a (3.1.9a)
\pgf@path@lastx=\dimen177
\pgf@path@lasty=\dimen178
)
(/Library/Application Support/MiKTeX/texmfs/install/tex/generic/pgf/basiclayer/
pgfcorepathusage.code.tex
File: pgfcorepathusage.code.tex 2021/05/15 v3.1.9a (3.1.9a)
\pgf@shorten@end@additional=\dimen179
\pgf@shorten@start@additional=\dimen180
)
(/Library/Application Support/MiKTeX/texmfs/install/tex/generic/pgf/basiclayer/
pgfcorescopes.code.tex
File: pgfcorescopes.code.tex 2021/05/15 v3.1.9a (3.1.9a)
\pgfpic=\box51
\pgf@hbox=\box52
\pgf@layerbox@main=\box53
\pgf@picture@serial@count=\count274
)
(/Library/Application Support/MiKTeX/texmfs/install/tex/generic/pgf/basiclayer/
pgfcoregraphicstate.code.tex
File: pgfcoregraphicstate.code.tex 2021/05/15 v3.1.9a (3.1.9a)
\pgflinewidth=\dimen181
)
(/Library/Application Support/MiKTeX/texmfs/install/tex/generic/pgf/basiclayer/
pgfcoretransformations.code.tex
File: pgfcoretransformations.code.tex 2021/05/15 v3.1.9a (3.1.9a)
\pgf@pt@x=\dimen182
\pgf@pt@y=\dimen183
\pgf@pt@temp=\dimen184
)
(/Library/Application Support/MiKTeX/texmfs/install/tex/generic/pgf/basiclayer/
pgfcorequick.code.tex
File: pgfcorequick.code.tex 2021/05/15 v3.1.9a (3.1.9a)
)
(/Library/Application Support/MiKTeX/texmfs/install/tex/generic/pgf/basiclayer/
pgfcoreobjects.code.tex
File: pgfcoreobjects.code.tex 2021/05/15 v3.1.9a (3.1.9a)
)
(/Library/Application Support/MiKTeX/texmfs/install/tex/generic/pgf/basiclayer/
pgfcorepathprocessing.code.tex
File: pgfcorepathprocessing.code.tex 2021/05/15 v3.1.9a (3.1.9a)
)
(/Library/Application Support/MiKTeX/texmfs/install/tex/generic/pgf/basiclayer/
pgfcorearrows.code.tex
File: pgfcorearrows.code.tex 2021/05/15 v3.1.9a (3.1.9a)
\pgfarrowsep=\dimen185
)
(/Library/Application Support/MiKTeX/texmfs/install/tex/generic/pgf/basiclayer/
pgfcoreshade.code.tex
File: pgfcoreshade.code.tex 2021/05/15 v3.1.9a (3.1.9a)
\pgf@max=\dimen186
\pgf@sys@shading@range@num=\count275
\pgf@shadingcount=\count276
)
(/Library/Application Support/MiKTeX/texmfs/install/tex/generic/pgf/basiclayer/
pgfcoreimage.code.tex
File: pgfcoreimage.code.tex 2021/05/15 v3.1.9a (3.1.9a)

(/Library/Application Support/MiKTeX/texmfs/install/tex/generic/pgf/basiclayer/
pgfcoreexternal.code.tex
File: pgfcoreexternal.code.tex 2021/05/15 v3.1.9a (3.1.9a)
\pgfexternal@startupbox=\box54
))
(/Library/Application Support/MiKTeX/texmfs/install/tex/generic/pgf/basiclayer/
pgfcorelayers.code.tex
File: pgfcorelayers.code.tex 2021/05/15 v3.1.9a (3.1.9a)
)
(/Library/Application Support/MiKTeX/texmfs/install/tex/generic/pgf/basiclayer/
pgfcoretransparency.code.tex
File: pgfcoretransparency.code.tex 2021/05/15 v3.1.9a (3.1.9a)
)
(/Library/Application Support/MiKTeX/texmfs/install/tex/generic/pgf/basiclayer/
pgfcorepatterns.code.tex
File: pgfcorepatterns.code.tex 2021/05/15 v3.1.9a (3.1.9a)
)
(/Library/Application Support/MiKTeX/texmfs/install/tex/generic/pgf/basiclayer/
pgfcorerdf.code.tex
File: pgfcorerdf.code.tex 2021/05/15 v3.1.9a (3.1.9a)
)))
(/Library/Application Support/MiKTeX/texmfs/install/tex/generic/pgf/modules/pgf
moduleshapes.code.tex
File: pgfmoduleshapes.code.tex 2021/05/15 v3.1.9a (3.1.9a)
\pgfnodeparttextbox=\box55
)
(/Library/Application Support/MiKTeX/texmfs/install/tex/generic/pgf/modules/pgf
moduleplot.code.tex
File: pgfmoduleplot.code.tex 2021/05/15 v3.1.9a (3.1.9a)
)
(/Library/Application Support/MiKTeX/texmfs/install/tex/latex/pgf/compatibility
/pgfcomp-version-0-65.sty
Package: pgfcomp-version-0-65 2021/05/15 v3.1.9a (3.1.9a)
\pgf@nodesepstart=\dimen187
\pgf@nodesepend=\dimen188
)
(/Library/Application Support/MiKTeX/texmfs/install/tex/latex/pgf/compatibility
/pgfcomp-version-1-18.sty
Package: pgfcomp-version-1-18 2021/05/15 v3.1.9a (3.1.9a)
))
(/Library/Application Support/MiKTeX/texmfs/install/tex/latex/pgf/utilities/pgf
for.sty
(/Library/Application Support/MiKTeX/texmfs/install/tex/latex/pgf/utilities/pgf
keys.sty
(/Library/Application Support/MiKTeX/texmfs/install/tex/generic/pgf/utilities/p
gfkeys.code.tex))
(/Library/Application Support/MiKTeX/texmfs/install/tex/latex/pgf/math/pgfmath.
sty
(/Library/Application Support/MiKTeX/texmfs/install/tex/generic/pgf/math/pgfmat
h.code.tex))
(/Library/Application Support/MiKTeX/texmfs/install/tex/generic/pgf/utilities/p
gffor.code.tex
Package: pgffor 2021/05/15 v3.1.9a (3.1.9a)

(/Library/Application Support/MiKTeX/texmfs/install/tex/generic/pgf/math/pgfmat
h.code.tex)
\pgffor@iter=\dimen189
\pgffor@skip=\dimen190
\pgffor@stack=\toks37
\pgffor@toks=\toks38
))
(/Library/Application Support/MiKTeX/texmfs/install/tex/generic/pgf/frontendlay
er/tikz/tikz.code.tex
Package: tikz 2021/05/15 v3.1.9a (3.1.9a)

(/Library/Application Support/MiKTeX/texmfs/install/tex/generic/pgf/libraries/p
gflibraryplothandlers.code.tex
File: pgflibraryplothandlers.code.tex 2021/05/15 v3.1.9a (3.1.9a)
\pgf@plot@mark@count=\count277
\pgfplotmarksize=\dimen191
)
\tikz@lastx=\dimen192
\tikz@lasty=\dimen193
\tikz@lastxsaved=\dimen194
\tikz@lastysaved=\dimen195
\tikz@lastmovetox=\dimen196
\tikz@lastmovetoy=\dimen197
\tikzleveldistance=\dimen198
\tikzsiblingdistance=\dimen199
\tikz@figbox=\box56
\tikz@figbox@bg=\box57
\tikz@tempbox=\box58
\tikz@tempbox@bg=\box59
\tikztreelevel=\count278
\tikznumberofchildren=\count279
\tikznumberofcurrentchild=\count280
\tikz@fig@count=\count281

(/Library/Application Support/MiKTeX/texmfs/install/tex/generic/pgf/modules/pgf
modulematrix.code.tex
File: pgfmodulematrix.code.tex 2021/05/15 v3.1.9a (3.1.9a)
\pgfmatrixcurrentrow=\count282
\pgfmatrixcurrentcolumn=\count283
\pgf@matrix@numberofcolumns=\count284
)
\tikz@expandcount=\count285

(/Library/Application Support/MiKTeX/texmfs/install/tex/generic/pgf/frontendlay
er/tikz/libraries/tikzlibrarytopaths.code.tex
File: tikzlibrarytopaths.code.tex 2021/05/15 v3.1.9a (3.1.9a)
)))
(/Users/wtroiani/Library/Application Support/MiKTeX/texmfs/install/tex/latex/ti
kz-cd/tikzlibrarycd.code.tex
(/Library/Application Support/MiKTeX/texmfs/install/tex/generic/pgf/frontendlay
er/tikz/libraries/tikzlibrarymatrix.code.tex
File: tikzlibrarymatrix.code.tex 2021/05/15 v3.1.9a (3.1.9a)
)
(/Library/Application Support/MiKTeX/texmfs/install/tex/generic/pgf/frontendlay
er/tikz/libraries/tikzlibraryquotes.code.tex
File: tikzlibraryquotes.code.tex 2021/05/15 v3.1.9a (3.1.9a)
)
(/Library/Application Support/MiKTeX/texmfs/install/tex/generic/pgf/libraries/p
gflibraryarrows.meta.code.tex
File: pgflibraryarrows.meta.code.tex 2021/05/15 v3.1.9a (3.1.9a)
\pgfarrowinset=\dimen256
\pgfarrowlength=\dimen257
\pgfarrowwidth=\dimen258
\pgfarrowlinewidth=\dimen259
)))
(/Library/Application Support/MiKTeX/texmfs/install/tex/latex/hyperref/hyperref
.sty
Package: hyperref 2021-02-27 v7.00k Hypertext links for LaTeX

(/Users/wtroiani/Library/Application Support/MiKTeX/texmfs/install/tex/generic/
ltxcmds/ltxcmds.sty
Package: ltxcmds 2020-05-10 v1.25 LaTeX kernel commands for general use (HO)
)
(/Library/Application Support/MiKTeX/texmfs/install/tex/generic/iftex/iftex.sty
Package: iftex 2020/03/06 v1.0d TeX engine tests
)
(/Library/Application Support/MiKTeX/texmfs/install/tex/generic/pdftexcmds/pdft
excmds.sty
Package: pdftexcmds 2020-06-27 v0.33 Utility functions of pdfTeX for LuaTeX (HO
)

(/Users/wtroiani/Library/Application Support/MiKTeX/texmfs/install/tex/generic/
infwarerr/infwarerr.sty
Package: infwarerr 2019/12/03 v1.5 Providing info/warning/error messages (HO)
)
Package pdftexcmds Info: \pdf@primitive is available.
Package pdftexcmds Info: \pdf@ifprimitive is available.
Package pdftexcmds Info: \pdfdraftmode found.
)
(/Users/wtroiani/Library/Application Support/MiKTeX/texmfs/install/tex/generic/
kvsetkeys/kvsetkeys.sty
Package: kvsetkeys 2019/12/15 v1.18 Key value parser (HO)
)
(/Users/wtroiani/Library/Application Support/MiKTeX/texmfs/install/tex/generic/
kvdefinekeys/kvdefinekeys.sty
Package: kvdefinekeys 2019-12-19 v1.6 Define keys (HO)
)
(/Users/wtroiani/Library/Application Support/MiKTeX/texmfs/install/tex/generic/
pdfescape/pdfescape.sty
Package: pdfescape 2019/12/09 v1.15 Implements pdfTeX's escape features (HO)
)
(/Users/wtroiani/Library/Application Support/MiKTeX/texmfs/install/tex/latex/hy
color/hycolor.sty
Package: hycolor 2020-01-27 v1.10 Color options for hyperref/bookmark (HO)
)
(/Users/wtroiani/Library/Application Support/MiKTeX/texmfs/install/tex/latex/le
tltxmacro/letltxmacro.sty
Package: letltxmacro 2019/12/03 v1.6 Let assignment for LaTeX macros (HO)
)
(/Users/wtroiani/Library/Application Support/MiKTeX/texmfs/install/tex/latex/au
xhook/auxhook.sty
Package: auxhook 2019-12-17 v1.6 Hooks for auxiliary files (HO)
)
(/Users/wtroiani/Library/Application Support/MiKTeX/texmfs/install/tex/latex/kv
options/kvoptions.sty
Package: kvoptions 2020-10-07 v3.14 Key value format for package options (HO)
)
\@linkdim=\dimen260
\Hy@linkcounter=\count286
\Hy@pagecounter=\count287

(/Library/Application Support/MiKTeX/texmfs/install/tex/latex/hyperref/pd1enc.d
ef
File: pd1enc.def 2021-02-27 v7.00k Hyperref: PDFDocEncoding definition (HO)
Now handling font encoding PD1 ...
... no UTF-8 mapping file for font encoding PD1
)
(/Library/Application Support/MiKTeX/texmfs/install/tex/latex/hyperref/hyperref
-langpatches.def
File: hyperref-langpatches.def 2021-02-27 v7.00k Hyperref: patches for babel la
nguages
)
(/Users/wtroiani/Library/Application Support/MiKTeX/texmfs/install/tex/generic/
intcalc/intcalc.sty
Package: intcalc 2019/12/15 v1.3 Expandable calculations with integers (HO)
)
(/Users/wtroiani/Library/Application Support/MiKTeX/texmfs/install/tex/generic/
etexcmds/etexcmds.sty
Package: etexcmds 2019/12/15 v1.7 Avoid name clashes with e-TeX commands (HO)
)
\Hy@SavedSpaceFactor=\count288

(/Library/Application Support/MiKTeX/texmfs/install/tex/latex/hyperref/puenc.de
f
File: puenc.def 2021-02-27 v7.00k Hyperref: PDF Unicode definition (HO)
Now handling font encoding PU ...
... no UTF-8 mapping file for font encoding PU
)
Package hyperref Info: Hyper figures OFF on input line 4192.
Package hyperref Info: Link nesting OFF on input line 4197.
Package hyperref Info: Hyper index ON on input line 4200.
Package hyperref Info: Plain pages OFF on input line 4207.
Package hyperref Info: Backreferencing OFF on input line 4212.
Package hyperref Info: Implicit mode ON; LaTeX internals redefined.
Package hyperref Info: Bookmarks ON on input line 4445.
\c@Hy@tempcnt=\count289
 (/Library/Application Support/MiKTeX/texmfs/install/tex/latex/url/url.sty
\Urlmuskip=\muskip17
Package: url 2013/09/16  ver 3.4  Verb mode for urls, etc.
)
LaTeX Info: Redefining \url on input line 4804.
\XeTeXLinkMargin=\dimen261

(/Users/wtroiani/Library/Application Support/MiKTeX/texmfs/install/tex/generic/
bitset/bitset.sty
Package: bitset 2019/12/09 v1.3 Handle bit-vector datatype (HO)

(/Users/wtroiani/Library/Application Support/MiKTeX/texmfs/install/tex/generic/
bigintcalc/bigintcalc.sty
Package: bigintcalc 2019/12/15 v1.5 Expandable calculations on big integers (HO
)
))
\Fld@menulength=\count290
\Field@Width=\dimen262
\Fld@charsize=\dimen263
Package hyperref Info: Hyper figures OFF on input line 6075.
Package hyperref Info: Link nesting OFF on input line 6080.
Package hyperref Info: Hyper index ON on input line 6083.
Package hyperref Info: backreferencing OFF on input line 6090.
Package hyperref Info: Link coloring OFF on input line 6095.
Package hyperref Info: Link coloring with OCG OFF on input line 6100.
Package hyperref Info: PDF/A mode OFF on input line 6105.
LaTeX Info: Redefining \ref on input line 6145.
LaTeX Info: Redefining \pageref on input line 6149.

(/Library/Application Support/MiKTeX/texmfs/install/tex/latex/base/atbegshi-ltx
.sty
Package: atbegshi-ltx 2020/08/17 v1.0a Emulation of the original atbegshi packa
ge
with kernel methods
)
\Hy@abspage=\count291
\c@Item=\count292
\c@Hfootnote=\count293
)
Package hyperref Info: Driver (autodetected): hpdftex.

(/Library/Application Support/MiKTeX/texmfs/install/tex/latex/hyperref/hpdftex.
def
File: hpdftex.def 2021-02-27 v7.00k Hyperref driver for pdfTeX

(/Library/Application Support/MiKTeX/texmfs/install/tex/latex/base/atveryend-lt
x.sty
Package: atveryend-ltx 2020/08/19 v1.0a Emulation of the original atvery packag
e
with kernel methods
)
\Fld@listcount=\count294
\c@bookmark@seq@number=\count295

(/Users/wtroiani/Library/Application Support/MiKTeX/texmfs/install/tex/latex/re
runfilecheck/rerunfilecheck.sty
Package: rerunfilecheck 2019/12/05 v1.9 Rerun checks for auxiliary files (HO)

(/Users/wtroiani/Library/Application Support/MiKTeX/texmfs/install/tex/generic/
uniquecounter/uniquecounter.sty
Package: uniquecounter 2019/12/15 v1.4 Provide unlimited unique counter (HO)
)
Package uniquecounter Info: New unique counter `rerunfilecheck' on input line 2
86.
)
\Hy@SectionHShift=\skip58
)
(/Users/wtroiani/Library/Application Support/MiKTeX/texmfs/install/tex/latex/bb
m/bbm.sty
Package: bbm 1999/03/15 V 1.2 provides fonts for set symbols - TH
LaTeX Font Info:    Overwriting math alphabet `\mathbbm' in version `bold'
(Font)                  U/bbm/m/n --> U/bbm/bx/n on input line 33.
LaTeX Font Info:    Overwriting math alphabet `\mathbbmss' in version `bold'
(Font)                  U/bbmss/m/n --> U/bbmss/bx/n on input line 35.
)
(/Users/wtroiani/Library/Application Support/MiKTeX/texmfs/install/tex/latex/te
nsor/tensor.sty
Package: tensor 2004/12/20 v2.1 tensor indices package (PGR)
\tnsr@Sps=\toks39
\tnsr@Sbs=\toks40
\tnsr@Spe=\toks41
\tnsr@Sbe=\toks42
\ncld@Mno=\toks43
)
(/Users/wtroiani/Library/Application Support/MiKTeX/texmfs/install/tex/latex/ti
pa/tipa.sty
Package: tipa 2002/08/08 TIPA version 1.1

(/Library/Application Support/MiKTeX/texmfs/install/tex/latex/base/fontenc.sty
Package: fontenc 2020/08/10 v2.0s Standard LaTeX package

(/Users/wtroiani/Library/Application Support/MiKTeX/texmfs/install/tex/latex/ti
pa/t3enc.def
File: t3enc.def 2001/12/31 T3 encoding
Now handling font encoding T3 ...
... no UTF-8 mapping file for font encoding T3
)))
(/Users/wtroiani/Library/Application Support/MiKTeX/texmfs/install/tex/latex/bu
ssproofs/bussproofs.sty
Proof Tree (bussproofs) style macros. Version 1.1.
\theLevel=\count296
\myMaxLevel=\count297
\myBoxA=\box60
\myBoxB=\box61
\myBoxC=\box62
\myBoxD=\box63
\myBoxLL=\box64
\myBoxRL=\box65
\thisAboveSkip=\dimen264
\thisBelowSkip=\dimen265
\newScoreStart=\dimen266
\newScoreEnd=\dimen267
\newCenter=\dimen268
\displace=\dimen269
\leftLowerAmt=\dimen270
\rightLowerAmt=\dimen271
\scoreHeight=\dimen272
\scoreDepth=\dimen273
\htLbox=\dimen274
\htRbox=\dimen275
\htRRbox=\dimen276
\htRRRbox=\dimen277
\htAbox=\dimen278
\htCbox=\dimen279
)
(/Users/wtroiani/Library/Application Support/MiKTeX/texmfs/install/tex/latex/st
maryrd/stmaryrd.sty
Package: stmaryrd 1994/03/03 St Mary's Road symbol package
\symstmry=\mathgroup7
LaTeX Font Info:    Overwriting symbol font `stmry' in version `bold'
(Font)                  U/stmry/m/n --> U/stmry/b/n on input line 89.
)
(/Library/Application Support/MiKTeX/texmfs/install/tex/latex/base/textcomp.sty
Package: textcomp 2020/02/02 v2.0n Standard LaTeX package
)
(/Users/wtroiani/Library/Application Support/MiKTeX/texmfs/install/tex/latex/le
ftidx/leftidx.sty
Package: leftidx 2003/09/24 v1.03 Left indices
)
(/Library/Application Support/MiKTeX/texmfs/install/tex/latex/latex-tools/after
page.sty
Package: afterpage 2014/10/28 v1.08 After-Page Package (DPC)
\AP@output=\toks44
\AP@partial=\box66
\AP@footins=\box67
)
(/Library/Application Support/MiKTeX/texmfs/install/tex/latex/latex-tools/array
.sty
Package: array 2020/10/01 v2.5c Tabular extension package (FMi)
\col@sep=\dimen280
\ar@mcellbox=\box68
\extrarowheight=\dimen281
\NC@list=\toks45
\extratabsurround=\skip59
\backup@length=\skip60
\ar@cellbox=\box69
)
(/Users/wtroiani/Library/Application Support/MiKTeX/texmfs/install/tex/generic/
xypic/xy.sty
(/Users/wtroiani/Library/Application Support/MiKTeX/texmfs/install/tex/generic/
xypic/xy.tex Bootstrap'ing: catcodes, docmode,
(/Users/wtroiani/Library/Application Support/MiKTeX/texmfs/install/tex/generic/
xypic/xyrecat.tex)
(/Users/wtroiani/Library/Application Support/MiKTeX/texmfs/install/tex/generic/
xypic/xyidioms.tex)

 Xy-pic version 3.8.9 <2013/10/06>
 Copyright (c) 1991-2013 by Kristoffer H. Rose <krisrose@tug.org> and others
 Xy-pic is free software: see the User's Guide for details.

Loading kernel: messages; fonts; allocations: state,
\X@c=\dimen282
\Y@c=\dimen283
\U@c=\dimen284
\D@c=\dimen285
\L@c=\dimen286
\R@c=\dimen287
\Edge@c=\toks46
\X@p=\dimen288
\Y@p=\dimen289
\U@p=\dimen290
\D@p=\dimen291
\L@p=\dimen292
\R@p=\dimen293
\Edge@p=\toks47
\X@origin=\dimen294
\Y@origin=\dimen295
\X@xbase=\dimen296
\Y@xbase=\dimen297
\X@ybase=\dimen298
\Y@ybase=\dimen299
\X@min=\dimen300
\Y@min=\dimen301
\X@max=\dimen302
\Y@max=\dimen303
\lastobjectbox@=\box70
\zerodotbox@=\box71
\almostz@=\dimen304
 direction,
\d@X=\dimen305
\d@Y=\dimen306
\K@=\count298
\KK@=\count299
\Direction=\count300
\K@dXdY=\dimen307
\K@dYdX=\dimen308
\xyread@=\read3
\xywrite@=\write4
\csp@=\count301
\quotPTK@=\dimen309

utility macros; pictures: \xy, positions,
\swaptoks@@=\toks48
\connectobjectbox@@=\box72
 objects,
\styletoks@=\toks49
 decorations;
kernel objects: directionals, circles, text; options; algorithms: directions,
edges, connections;  Xy-pic loaded)
(/Library/Application Support/MiKTeX/texmfs/install/tex/generic/iftex/ifpdf.sty
Package: ifpdf 2019/10/25 v3.4 ifpdf legacy package. Use iftex instead.
)
Package: xy 2013/10/06 Xy-pic version 3.8.9

(/Users/wtroiani/Library/Application Support/MiKTeX/texmfs/install/tex/generic/
xypic/xyall.tex  Xy-pic option: All features v.3.8
(/Users/wtroiani/Library/Application Support/MiKTeX/texmfs/install/tex/generic/
xypic/xycurve.tex  Xy-pic option: Curve and Spline extension v.3.12 curve,
\crv@cnt@=\count302
\crvpts@=\toks50
\splinebox@=\box73
\splineval@=\dimen310
\splinedepth@=\dimen311
\splinetol@=\dimen312
\splinelength@=\dimen313

circles,
\L@=\dimen314
 loaded)
(/Users/wtroiani/Library/Application Support/MiKTeX/texmfs/install/tex/generic/
xypic/xyframe.tex  Xy-pic option: Frame and Bracket extension v.3.14 loaded)
(/Users/wtroiani/Library/Application Support/MiKTeX/texmfs/install/tex/generic/
xypic/xycmtip.tex  Xy-pic option: Computer Modern tip extension v.3.7
(/Users/wtroiani/Library/Application Support/MiKTeX/texmfs/install/tex/generic/
xypic/xytips.tex  Xy-pic option: More Tips extension v.3.11 loaded) loaded)
(/Users/wtroiani/Library/Application Support/MiKTeX/texmfs/install/tex/generic/
xypic/xyline.tex  Xy-pic option: Line styles extension v.3.10
\xylinethick@=\dimen315
 loaded)
(/Users/wtroiani/Library/Application Support/MiKTeX/texmfs/install/tex/generic/
xypic/xyrotate.tex  Xy-pic option: Rotate and Scale extension v.3.8 loaded)
(/Users/wtroiani/Library/Application Support/MiKTeX/texmfs/install/tex/generic/
xypic/xycolor.tex  Xy-pic option: Colour extension v.3.11 loaded)
(/Users/wtroiani/Library/Application Support/MiKTeX/texmfs/install/tex/generic/
xypic/xymatrix.tex  Xy-pic option: Matrix feature v.3.14
\Row=\count303
\Col=\count304
\queue@=\toks51
\queue@@=\toks52
\qcount@=\count305
\qcount@@=\count306
\matrixsize@=\count307
 loaded)
(/Users/wtroiani/Library/Application Support/MiKTeX/texmfs/install/tex/generic/
xypic/xyarrow.tex  Xy-pic option: Arrow and Path feature v.3.9 path, \ar,
loaded)
(/Users/wtroiani/Library/Application Support/MiKTeX/texmfs/install/tex/generic/
xypic/xygraph.tex  Xy-pic option: Graph feature v.3.11 loaded) loaded)
(/Users/wtroiani/Library/Application Support/MiKTeX/texmfs/install/tex/generic/
xypic/xypdf.tex  Xy-pic option: PDF driver v.1.7
Xy-pic pdf driver: `color' extension support
(/Users/wtroiani/Library/Application Support/MiKTeX/texmfs/install/tex/generic/
xypic/xypdf-co.tex loaded) Xy-pic pdf driver: `curve' extension support
(/Users/wtroiani/Library/Application Support/MiKTeX/texmfs/install/tex/generic/
xypic/xypdf-cu.tex loaded) Xy-pic pdf driver: `frame' extension support
(/Users/wtroiani/Library/Application Support/MiKTeX/texmfs/install/tex/generic/
xypic/xypdf-fr.tex loaded) Xy-pic pdf driver: `line' extension support
(/Users/wtroiani/Library/Application Support/MiKTeX/texmfs/install/tex/generic/
xypic/xypdf-li.tex loaded) Xy-pic pdf driver: `rotate' extension support
(/Users/wtroiani/Library/Application Support/MiKTeX/texmfs/install/tex/generic/
xypic/xypdf-ro.tex loaded) loaded))
(/Users/wtroiani/Library/Application Support/MiKTeX/texmfs/install/tex/generic/
xypic/xyrotate.tex  Xy-pic option: Rotate and Scale extension v.3.8
not reloaded)
(/Users/wtroiani/Library/Application Support/MiKTeX/texmfs/install/tex/latex/do
ublestroke/dsfont.sty
Package: dsfont 1995/08/01 v0.1 Double stroke roman fonts
)
(/Users/wtroiani/Library/Application Support/MiKTeX/texmfs/install/tex/latex/ep
igraph/epigraph.sty
Package: epigraph 2020/01/02 v1.5e typesetting epigraphs

(/Users/wtroiani/Library/Application Support/MiKTeX/texmfs/install/tex/latex/lt
xmisc/nextpage.sty
Package: nextpage 2009/09/03 v1.1a additional page commands
)
\beforeepigraphskip=\skip61
\afterepigraphskip=\skip62
\epigraphwidth=\skip63
\epigraphrule=\skip64
)
(/Users/wtroiani/Library/Application Support/MiKTeX/texmfs/install/tex/latex/cs
quotes/csquotes.sty
Package: csquotes 2021-02-22 v5.2l context-sensitive quotations (JAW)

(/Library/Application Support/MiKTeX/texmfs/install/tex/latex/etoolbox/etoolbox
.sty
Package: etoolbox 2020/10/05 v2.5k e-TeX tools for LaTeX (JAW)
\etb@tempcnta=\count308
)
\csq@reset=\count309
\csq@gtype=\count310
\csq@glevel=\count311
\csq@qlevel=\count312
\csq@maxlvl=\count313
\csq@tshold=\count314
\csq@ltx@everypar=\toks53

(/Users/wtroiani/Library/Application Support/MiKTeX/texmfs/install/tex/latex/cs
quotes/csquotes.def
File: csquotes.def 2021-02-22 v5.2l csquotes generic definitions (JAW)
)
Package csquotes Info: Trying to load configuration file 'csquotes.cfg'...
Package csquotes Info: ... configuration file loaded successfully.

(/Users/wtroiani/Library/Application Support/MiKTeX/texmfs/install/tex/latex/cs
quotes/csquotes.cfg
File: csquotes.cfg 
))
\c@theorem=\count315
\c@question=\count316
Package csquotes Info: Checking for multilingual support...
Package csquotes Info: ... none found.

(/Library/Application Support/MiKTeX/texmfs/install/tex/latex/l3backend/l3backe
nd-pdftex.def
File: l3backend-pdftex.def 2021-05-07 L3 backend support: PDF output (pdfTeX)
\l__color_backend_stack_int=\count317
\l__pdf_internal_box=\box74
) (SoCLecture5.aux)
\openout1 = `SoCLecture5.aux'.

LaTeX Font Info:    Checking defaults for OML/cmm/m/it on input line 148.
LaTeX Font Info:    ... okay on input line 148.
LaTeX Font Info:    Checking defaults for OMS/cmsy/m/n on input line 148.
LaTeX Font Info:    ... okay on input line 148.
LaTeX Font Info:    Checking defaults for OT1/cmr/m/n on input line 148.
LaTeX Font Info:    ... okay on input line 148.
LaTeX Font Info:    Checking defaults for T1/cmr/m/n on input line 148.
LaTeX Font Info:    ... okay on input line 148.
LaTeX Font Info:    Checking defaults for TS1/cmr/m/n on input line 148.
LaTeX Font Info:    ... okay on input line 148.
LaTeX Font Info:    Checking defaults for OMX/cmex/m/n on input line 148.
LaTeX Font Info:    ... okay on input line 148.
LaTeX Font Info:    Checking defaults for U/cmr/m/n on input line 148.
LaTeX Font Info:    ... okay on input line 148.
LaTeX Font Info:    Checking defaults for PD1/pdf/m/n on input line 148.
LaTeX Font Info:    ... okay on input line 148.
LaTeX Font Info:    Checking defaults for PU/pdf/m/n on input line 148.
LaTeX Font Info:    ... okay on input line 148.
LaTeX Font Info:    Checking defaults for T3/cmr/m/n on input line 148.
LaTeX Font Info:    Trying to load font information for T3+cmr on input line 14
8.

(/Users/wtroiani/Library/Application Support/MiKTeX/texmfs/install/tex/latex/ti
pa/t3cmr.fd
File: t3cmr.fd 2001/12/31 TIPA font definitions
)
LaTeX Font Info:    ... okay on input line 148.

(/Library/Application Support/MiKTeX/texmfs/install/tex/context/base/mkii/supp-
pdf.mkii
[Loading MPS to PDF converter (version 2006.09.02).]
\scratchcounter=\count318
\scratchdimen=\dimen316
\scratchbox=\box75
\nofMPsegments=\count319
\nofMParguments=\count320
\everyMPshowfont=\toks54
\MPscratchCnt=\count321
\MPscratchDim=\dimen317
\MPnumerator=\count322
\makeMPintoPDFobject=\count323
\everyMPtoPDFconversion=\toks55
)
(/Library/Application Support/MiKTeX/texmfs/install/tex/latex/epstopdf-pkg/epst
opdf-base.sty
Package: epstopdf-base 2020-01-24 v2.11 Base part for package epstopdf
Package epstopdf-base Info: Redefining graphics rule for `.eps' on input line 4
85.

(/Library/Application Support/MiKTeX/texmfs/install/tex/latex/00miktex/epstopdf
-sys.cfg
File: epstopdf-sys.cfg 2021/03/18 v2.0 Configuration of epstopdf for MiKTeX
))
Package hyperref Info: Link coloring OFF on input line 148.

(/Library/Application Support/MiKTeX/texmfs/install/tex/latex/hyperref/nameref.
sty
Package: nameref 2021-04-02 v2.47 Cross-referencing by name of section

(/Users/wtroiani/Library/Application Support/MiKTeX/texmfs/install/tex/latex/re
fcount/refcount.sty
Package: refcount 2019/12/15 v3.6 Data extraction from label references (HO)
)
(/Users/wtroiani/Library/Application Support/MiKTeX/texmfs/install/tex/generic/
gettitlestring/gettitlestring.sty
Package: gettitlestring 2019/12/15 v1.6 Cleanup title references (HO)
)
\c@section@level=\count324
)
LaTeX Info: Redefining \ref on input line 148.
LaTeX Info: Redefining \pageref on input line 148.
LaTeX Info: Redefining \nameref on input line 148.
 (SoCLecture5.out) (SoCLecture5.out)
\@outlinefile=\write5
\openout5 = `SoCLecture5.out'.

LaTeX Font Info:    Trying to load font information for U+msa on input line 148
.

(/Library/Application Support/MiKTeX/texmfs/install/tex/latex/amsfonts/umsa.fd
File: umsa.fd 2013/01/14 v3.01 AMS symbols A
)
LaTeX Font Info:    Trying to load font information for U+msb on input line 148
.
(/Library/Application Support/MiKTeX/texmfs/install/tex/latex/amsfonts/umsb.fd
File: umsb.fd 2013/01/14 v3.01 AMS symbols B
)
LaTeX Font Info:    Trying to load font information for U+rsfs on input line 14
8.

(/Users/wtroiani/Library/Application Support/MiKTeX/texmfs/install/tex/latex/jk
nappen/ursfs.fd
File: ursfs.fd 1998/03/24 rsfs font definition file (jk)
)
LaTeX Font Info:    Trying to load font information for U+stmry on input line 1
48.

(/Users/wtroiani/Library/Application Support/MiKTeX/texmfs/install/tex/latex/st
maryrd/Ustmry.fd)
Package xypdf Info: Line width: 0.47998pt on input line 148.


Package hyperref Warning: Token not allowed in a PDF string (Unicode):
(hyperref)                removing `math shift' on input line 152.


Package hyperref Warning: Token not allowed in a PDF string (Unicode):
(hyperref)                removing `\lambda' on input line 152.


Package hyperref Warning: Token not allowed in a PDF string (Unicode):
(hyperref)                removing `math shift' on input line 152.


Overfull \hbox (18.76387pt too wide) in paragraph at lines 168--169
[]\OT1/cmr/m/it/12 For preterms $\OML/cmm/m/it/12 M[]; M[]; M[]$\OT1/cmr/m/it/1
2 , the preterm $\OML/cmm/m/it/12 M[]M[]M[]$ \OT1/cmr/m/it/12 means $\OT1/cmr/m
/n/12 ((\OML/cmm/m/it/12 M[]M[]\OT1/cmr/m/n/12 )\OML/cmm/m/it/12 M[]\OT1/cmr/m/
n/12 ))$\OT1/cmr/m/it/12 , 
 []

[1

{/Users/wtroiani/Library/Application Support/MiKTeX/texmfs/data/pdftex/config/p
dftex.map}] [2]

Package hyperref Warning: Token not allowed in a PDF string (Unicode):
(hyperref)                removing `math shift' on input line 252.


Package hyperref Warning: Token not allowed in a PDF string (Unicode):
(hyperref)                removing `\lambda' on input line 252.


Package hyperref Warning: Token not allowed in a PDF string (Unicode):
(hyperref)                removing `math shift' on input line 252.

[3]

Package hyperref Warning: Token not allowed in a PDF string (Unicode):
(hyperref)                removing `math shift' on input line 270.


Package hyperref Warning: Token not allowed in a PDF string (Unicode):
(hyperref)                removing `\lambda' on input line 270.


Package hyperref Warning: Token not allowed in a PDF string (Unicode):
(hyperref)                removing `math shift' on input line 270.


Package amsfonts Warning: Obsolete command \bold; \mathbf should be used instea
d on input line 277.


LaTeX Warning: Command \! invalid in math mode on input line 285.


LaTeX Warning: Command \! invalid in math mode on input line 285.


LaTeX Warning: Command \! invalid in math mode on input line 285.


LaTeX Warning: Command \! invalid in math mode on input line 285.


LaTeX Warning: Command \! invalid in math mode on input line 285.


LaTeX Warning: Command \! invalid in math mode on input line 285.


LaTeX Warning: Command \! invalid in math mode on input line 285.


LaTeX Warning: Command \! invalid in math mode on input line 285.

[4] <xymatrix 4x1 150> [5] <xymatrix 4x1 150> <xymatrix 4x1 150> <xymatrix 4x1
150>
Underfull \hbox (badness 3128) in paragraph at lines 383--384
[]\OT1/cmr/m/n/12 M. Atiyah, \OT1/cmr/m/sl/12 Duality in mathematics and physic
s\OT1/cmr/m/n/12 , in: lecutre notes
 []


Underfull \hbox (badness 1584) in paragraph at lines 383--384
\OT1/cmr/m/n/12 from Institut de Matematica de la Universitat de Barcelona (IMU
B),
 []

[6]
Underfull \hbox (badness 2393) in paragraph at lines 398--399
[]\OT1/cmr/m/n/12 K. Dosen, \OT1/cmr/m/sl/12 Abstraction and application in ad
junction\OT1/cmr/m/n/12 , arXiv preprint
 []


Underfull \hbox (badness 2285) in paragraph at lines 422--423
[]\OT1/cmr/m/n/12 A. Heyting, \OT1/cmr/m/sl/12 Intuitionism, an introduction\OT
1/cmr/m/n/12 , Studies in Logic and the
 []

[7]
Underfull \hbox (badness 1418) in paragraph at lines 433--434
[]\OT1/cmr/m/n/12 J. Lambek, \OT1/cmr/m/sl/12 Functional completeness of cartes
ian categories\OT1/cmr/m/n/12 , Annals of
 []


Underfull \hbox (badness 10000) in paragraph at lines 460--461
[]\OT1/cmr/m/n/12 D. Prawitz, \OT1/cmr/m/sl/12 Philosophical aspects of proof t
heory\OT1/cmr/m/n/12 , Contemporary
 []

[8] [9] (SoCLecture5.aux)
Package rerunfilecheck Info: File `SoCLecture5.out' has not changed.
(rerunfilecheck)             Checksum: 9563E4569591F0331D0DF70FF7A46943;475.
 ) 
Here is how much of TeX's memory you used:
 25694 strings out of 481099
 460673 string characters out of 2904467
 787153 words of memory out of 3000000
 42475 multiletter control sequences out of 15000+600000
 421098 words of font info for 101 fonts, out of 8000000 for 9000
 0 hyphenation exceptions out of 8191
 98i,13n,103p,3241b,498s stack positions out of 5000i,500n,10000p,200000b,80000s
 </Users/wtroiani/Library/Application Support/MiKTeX/texmfs/data/fonts/pk/ljf
our/jknappen/ec/dpi600/tcrm1200.pk></Library/Application Support/MiKTeX/texmfs/
install/fonts/type1/public/amsfonts/cm/cmbx12.pfb></Library/Application Support
/MiKTeX/texmfs/install/fonts/type1/public/amsfonts/cm/cmbxti10.pfb></Library/Ap
plication Support/MiKTeX/texmfs/install/fonts/type1/public/amsfonts/cm/cmex10.p
fb></Library/Application Support/MiKTeX/texmfs/install/fonts/type1/public/amsfo
nts/cm/cmmi12.pfb></Library/Application Support/MiKTeX/texmfs/install/fonts/typ
e1/public/amsfonts/cm/cmmi6.pfb></Library/Application Support/MiKTeX/texmfs/ins
tall/fonts/type1/public/amsfonts/cm/cmmi8.pfb></Library/Application Support/MiK
TeX/texmfs/install/fonts/type1/public/amsfonts/cm/cmr12.pfb></Library/Applicati
on Support/MiKTeX/texmfs/install/fonts/type1/public/amsfonts/cm/cmr17.pfb></Lib
rary/Application Support/MiKTeX/texmfs/install/fonts/type1/public/amsfonts/cm/c
mr8.pfb></Library/Application Support/MiKTeX/texmfs/install/fonts/type1/public/
amsfonts/cm/cmsl12.pfb></Library/Application Support/MiKTeX/texmfs/install/font
s/type1/public/amsfonts/cm/cmsy10.pfb></Library/Application Support/MiKTeX/texm
fs/install/fonts/type1/public/amsfonts/cm/cmsy8.pfb></Library/Application Suppo
rt/MiKTeX/texmfs/install/fonts/type1/public/amsfonts/cm/cmti12.pfb></Library/Ap
plication Support/MiKTeX/texmfs/install/fonts/type1/public/amsfonts/cm/cmtt12.p
fb></Library/Application Support/MiKTeX/texmfs/install/fonts/type1/public/amsfo
nts/symbols/msam10.pfb></Library/Application Support/MiKTeX/texmfs/install/font
s/type1/public/rsfs/rsfs10.pfb></Users/wtroiani/Library/Application Support/MiK
TeX/texmfs/install/fonts/type1/public/xypic/xycmat12.pfb></Users/wtroiani/Libra
ry/Application Support/MiKTeX/texmfs/install/fonts/type1/public/xypic/xycmbt12.
pfb>
Output written on SoCLecture5.pdf (9 pages, 231504 bytes).
PDF statistics:
 222 PDF objects out of 1000 (max. 8388607)
 74 named destinations out of 1000 (max. 500000)
 37 words of extra memory for PDF output out of 10000 (max. 10000000)

